[3022174:3022174:0508/200933.902040:INFO:components/enterprise/browser/controller/chrome_browser_cloud_management_controller.cc:202] No machine level policy manager exists.
[3022174:3022211:0508/200933.916493:ERROR:net/disk_cache/simple/simple_backend_impl.cc:79] Failed to create directory: /dev/null/Default/Code Cache/wasm
[3022174:3022210:0508/200933.916492:ERROR:net/disk_cache/simple/simple_backend_impl.cc:79] Failed to create directory: /dev/null/Default/Code Cache/js
[3022174:3022210:0508/200933.916609:ERROR:net/disk_cache/simple/simple_backend_impl.cc:79] Failed to create directory: /dev/null/Default/Code Cache/js
[3022174:3022210:0508/200933.916623:ERROR:net/disk_cache/simple/simple_backend_impl.cc:747] Simple Cache Backend: wrong file structure on disk: 1 path: /dev/null/Default/Code Cache/js
[3022174:3022211:0508/200933.916559:ERROR:net/disk_cache/simple/simple_backend_impl.cc:79] Failed to create directory: /dev/null/Default/Code Cache/wasm
[3022174:3022223:0508/200933.917117:ERROR:net/disk_cache/disk_cache.cc:216] Unable to create cache
[3022174:3022211:0508/200933.918050:ERROR:net/disk_cache/simple/simple_backend_impl.cc:747] Simple Cache Backend: wrong file structure on disk: 1 path: /dev/null/Default/Code Cache/wasm
[3022174:3022223:0508/200933.918264:ERROR:net/disk_cache/disk_cache.cc:216] Unable to create cache
[3022221:3022240:0508/200934.170945:ERROR:net/disk_cache/simple/simple_backend_impl.cc:79] Failed to create directory: /dev/null/Default/Cache/Cache_Data
[3022221:3022240:0508/200934.171045:ERROR:net/disk_cache/simple/simple_backend_impl.cc:79] Failed to create directory: /dev/null/Default/Cache/Cache_Data
[3022221:3022240:0508/200934.171058:ERROR:net/disk_cache/simple/simple_backend_impl.cc:747] Simple Cache Backend: wrong file structure on disk: 1 path: /dev/null/Default/Cache/Cache_Data
[3022221:3022240:0508/200934.171147:WARNING:net/disk_cache/cache_util.cc:151] Unable to delete cache folder.
[3022221:3022242:0508/200934.171160:ERROR:net/disk_cache/disk_cache.cc:216] Unable to create cache
[3022221:3022240:0508/200934.171667:WARNING:net/disk_cache/cache_util.cc:151] Unable to delete cache folder.
[3022221:3022240:0508/200934.171683:WARNING:net/disk_cache/cache_util.cc:151] Unable to delete cache folder.
[3022221:3022240:0508/200934.171689:WARNING:net/disk_cache/cache_util.cc:151] Unable to delete cache folder.
[3022221:3022240:0508/200934.171695:WARNING:net/disk_cache/cache_util.cc:151] Unable to delete cache folder.
[3022221:3022240:0508/200934.171700:WARNING:net/disk_cache/cache_util.cc:151] Unable to delete cache folder.
[3022221:3022240:0508/200934.171706:WARNING:net/disk_cache/cache_util.cc:151] Unable to delete cache folder.
[3022221:3022240:0508/200934.171712:WARNING:net/disk_cache/cache_util.cc:151] Unable to delete cache folder.
[3022221:3022240:0508/200934.171717:WARNING:net/disk_cache/cache_util.cc:151] Unable to delete cache folder.
[3022221:3022240:0508/200934.172128:WARNING:net/disk_cache/cache_util.cc:151] Unable to delete cache folder.
[3022221:3022240:0508/200934.172142:WARNING:net/disk_cache/cache_util.cc:151] Unable to delete cache folder.
[3022221:3022240:0508/200934.172148:WARNING:net/disk_cache/cache_util.cc:151] Unable to delete cache folder.
[3022221:3022240:0508/200934.172154:WARNING:net/disk_cache/cache_util.cc:151] Unable to delete cache folder.
[3022221:3022240:0508/200934.172159:WARNING:net/disk_cache/cache_util.cc:151] Unable to delete cache folder.
[3022221:3022240:0508/200934.172166:WARNING:net/disk_cache/cache_util.cc:151] Unable to delete cache folder.
[3022221:3022240:0508/200934.172178:WARNING:net/disk_cache/cache_util.cc:151] Unable to delete cache folder.
[3022221:3022240:0508/200934.172185:WARNING:net/disk_cache/cache_util.cc:151] Unable to delete cache folder.
[3022221:3022240:0508/200934.172193:WARNING:net/disk_cache/cache_util.cc:151] Unable to delete cache folder.
[3022221:3022240:0508/200934.172574:WARNING:net/disk_cache/cache_util.cc:151] Unable to delete cache folder.
[3022221:3022240:0508/200934.172584:WARNING:net/disk_cache/cache_util.cc:151] Unable to delete cache folder.
[3022221:3022240:0508/200934.172598:WARNING:net/disk_cache/cache_util.cc:151] Unable to delete cache folder.
[3022221:3022240:0508/200934.172606:WARNING:net/disk_cache/cache_util.cc:151] Unable to delete cache folder.
[3022221:3022240:0508/200934.172614:WARNING:net/disk_cache/cache_util.cc:151] Unable to delete cache folder.
[3022221:3022240:0508/200934.172622:WARNING:net/disk_cache/cache_util.cc:151] Unable to delete cache folder.
[3022221:3022240:0508/200934.172629:WARNING:net/disk_cache/cache_util.cc:151] Unable to delete cache folder.
[3022221:3022240:0508/200934.173191:WARNING:net/disk_cache/cache_util.cc:151] Unable to delete cache folder.
[3022221:3022240:0508/200934.173202:WARNING:net/disk_cache/cache_util.cc:151] Unable to delete cache folder.
[3022221:3022240:0508/200934.173211:WARNING:net/disk_cache/cache_util.cc:151] Unable to delete cache folder.
[3022221:3022240:0508/200934.173220:WARNING:net/disk_cache/cache_util.cc:151] Unable to delete cache folder.
[3022221:3022240:0508/200934.173229:WARNING:net/disk_cache/cache_util.cc:151] Unable to delete cache folder.
[3022221:3022240:0508/200934.173238:WARNING:net/disk_cache/cache_util.cc:151] Unable to delete cache folder.
[3022221:3022240:0508/200934.173247:WARNING:net/disk_cache/cache_util.cc:151] Unable to delete cache folder.
[3022221:3022240:0508/200934.173797:WARNING:net/disk_cache/cache_util.cc:151] Unable to delete cache folder.
[3022221:3022240:0508/200934.173810:WARNING:net/disk_cache/cache_util.cc:151] Unable to delete cache folder.
[3022221:3022240:0508/200934.173818:WARNING:net/disk_cache/cache_util.cc:151] Unable to delete cache folder.
[3022221:3022240:0508/200934.173827:WARNING:net/disk_cache/cache_util.cc:151] Unable to delete cache folder.
[3022221:3022240:0508/200934.173837:WARNING:net/disk_cache/cache_util.cc:151] Unable to delete cache folder.
[3022221:3022240:0508/200934.173846:WARNING:net/disk_cache/cache_util.cc:151] Unable to delete cache folder.
[3022221:3022240:0508/200934.173854:WARNING:net/disk_cache/cache_util.cc:151] Unable to delete cache folder.
[3022221:3022240:0508/200934.174289:WARNING:net/disk_cache/cache_util.cc:151] Unable to delete cache folder.
[3022221:3022240:0508/200934.174299:WARNING:net/disk_cache/cache_util.cc:151] Unable to delete cache folder.
[3022221:3022240:0508/200934.174307:WARNING:net/disk_cache/cache_util.cc:151] Unable to delete cache folder.
[3022221:3022240:0508/200934.174314:WARNING:net/disk_cache/cache_util.cc:151] Unable to delete cache folder.
[3022221:3022240:0508/200934.174321:WARNING:net/disk_cache/cache_util.cc:151] Unable to delete cache folder.
[3022221:3022240:0508/200934.174331:WARNING:net/disk_cache/cache_util.cc:151] Unable to delete cache folder.
[3022221:3022240:0508/200934.174339:WARNING:net/disk_cache/cache_util.cc:151] Unable to delete cache folder.
[3022221:3022240:0508/200934.174861:WARNING:net/disk_cache/cache_util.cc:151] Unable to delete cache folder.
[3022221:3022240:0508/200934.174871:WARNING:net/disk_cache/cache_util.cc:151] Unable to delete cache folder.
[3022221:3022240:0508/200934.174880:WARNING:net/disk_cache/cache_util.cc:151] Unable to delete cache folder.
[3022221:3022240:0508/200934.174888:WARNING:net/disk_cache/cache_util.cc:151] Unable to delete cache folder.
[3022221:3022240:0508/200934.174897:WARNING:net/disk_cache/cache_util.cc:151] Unable to delete cache folder.
[3022221:3022240:0508/200934.174910:WARNING:net/disk_cache/cache_util.cc:151] Unable to delete cache folder.
[3022221:3022240:0508/200934.174919:WARNING:net/disk_cache/cache_util.cc:151] Unable to delete cache folder.
[3022221:3022240:0508/200934.175524:WARNING:net/disk_cache/cache_util.cc:151] Unable to delete cache folder.
[3022221:3022240:0508/200934.175540:WARNING:net/disk_cache/cache_util.cc:151] Unable to delete cache folder.
[3022221:3022240:0508/200934.175550:WARNING:net/disk_cache/cache_util.cc:151] Unable to delete cache folder.
[3022221:3022240:0508/200934.176216:WARNING:net/disk_cache/cache_util.cc:151] Unable to delete cache folder.
[3022221:3022240:0508/200934.176232:WARNING:net/disk_cache/cache_util.cc:151] Unable to delete cache folder.
[3022221:3022240:0508/200934.176244:WARNING:net/disk_cache/cache_util.cc:151] Unable to delete cache folder.
[3022221:3022240:0508/200934.176252:WARNING:net/disk_cache/cache_util.cc:151] Unable to delete cache folder.
[3022221:3022240:0508/200934.176260:WARNING:net/disk_cache/cache_util.cc:151] Unable to delete cache folder.
[3022221:3022240:0508/200934.176266:WARNING:net/disk_cache/cache_util.cc:151] Unable to delete cache folder.
[3022221:3022240:0508/200934.176272:WARNING:net/disk_cache/cache_util.cc:151] Unable to delete cache folder.
[3022221:3022240:0508/200934.176278:WARNING:net/disk_cache/cache_util.cc:151] Unable to delete cache folder.
[3022221:3022240:0508/200934.176748:WARNING:net/disk_cache/cache_util.cc:151] Unable to delete cache folder.
[3022221:3022240:0508/200934.176764:WARNING:net/disk_cache/cache_util.cc:151] Unable to delete cache folder.
[3022221:3022240:0508/200934.176774:WARNING:net/disk_cache/cache_util.cc:151] Unable to delete cache folder.
[3022221:3022240:0508/200934.176781:WARNING:net/disk_cache/cache_util.cc:151] Unable to delete cache folder.
[3022221:3022240:0508/200934.176789:WARNING:net/disk_cache/cache_util.cc:151] Unable to delete cache folder.
[3022221:3022240:0508/200934.176797:WARNING:net/disk_cache/cache_util.cc:151] Unable to delete cache folder.
[3022221:3022240:0508/200934.176803:WARNING:net/disk_cache/cache_util.cc:151] Unable to delete cache folder.
[3022221:3022240:0508/200934.176809:WARNING:net/disk_cache/cache_util.cc:151] Unable to delete cache folder.
[3022221:3022240:0508/200934.176815:WARNING:net/disk_cache/cache_util.cc:151] Unable to delete cache folder.
[3022221:3022240:0508/200934.176821:WARNING:net/disk_cache/cache_util.cc:151] Unable to delete cache folder.
[3022221:3022240:0508/200934.176827:WARNING:net/disk_cache/cache_util.cc:151] Unable to delete cache folder.
[3022221:3022240:0508/200934.176832:WARNING:net/disk_cache/cache_util.cc:151] Unable to delete cache folder.
[3022221:3022240:0508/200934.176840:WARNING:net/disk_cache/cache_util.cc:151] Unable to delete cache folder.
[3022221:3022240:0508/200934.176847:WARNING:net/disk_cache/cache_util.cc:151] Unable to delete cache folder.
[3022221:3022240:0508/200934.176854:WARNING:net/disk_cache/cache_util.cc:151] Unable to delete cache folder.
[3022221:3022240:0508/200934.176862:WARNING:net/disk_cache/cache_util.cc:151] Unable to delete cache folder.
[3022221:3022240:0508/200934.176869:WARNING:net/disk_cache/cache_util.cc:151] Unable to delete cache folder.
[3022221:3022240:0508/200934.177426:WARNING:net/disk_cache/cache_util.cc:151] Unable to delete cache folder.
[3022221:3022240:0508/200934.177454:WARNING:net/disk_cache/cache_util.cc:151] Unable to delete cache folder.
[3022221:3022240:0508/200934.177464:WARNING:net/disk_cache/cache_util.cc:151] Unable to delete cache folder.
[3022221:3022240:0508/200934.177472:WARNING:net/disk_cache/cache_util.cc:151] Unable to delete cache folder.
[3022221:3022240:0508/200934.177482:WARNING:net/disk_cache/cache_util.cc:151] Unable to delete cache folder.
[3022221:3022240:0508/200934.178047:WARNING:net/disk_cache/cache_util.cc:151] Unable to delete cache folder.
[3022221:3022240:0508/200934.178058:WARNING:net/disk_cache/cache_util.cc:151] Unable to delete cache folder.
[3022221:3022240:0508/200934.178066:WARNING:net/disk_cache/cache_util.cc:151] Unable to delete cache folder.
[3022221:3022240:0508/200934.178073:WARNING:net/disk_cache/cache_util.cc:151] Unable to delete cache folder.
[3022221:3022240:0508/200934.178081:WARNING:net/disk_cache/cache_util.cc:151] Unable to delete cache folder.
[3022221:3022240:0508/200934.178088:WARNING:net/disk_cache/cache_util.cc:151] Unable to delete cache folder.
[3022221:3022240:0508/200934.178094:WARNING:net/disk_cache/cache_util.cc:151] Unable to delete cache folder.
[3022221:3022240:0508/200934.178100:WARNING:net/disk_cache/cache_util.cc:151] Unable to delete cache folder.
[3022221:3022240:0508/200934.178106:WARNING:net/disk_cache/cache_util.cc:151] Unable to delete cache folder.
[3022221:3022240:0508/200934.179015:WARNING:net/disk_cache/cache_util.cc:151] Unable to delete cache folder.
[3022221:3022240:0508/200934.179035:WARNING:net/disk_cache/cache_util.cc:151] Unable to delete cache folder.
[3022221:3022240:0508/200934.179044:WARNING:net/disk_cache/cache_util.cc:151] Unable to delete cache folder.
[3022221:3022240:0508/200934.179052:WARNING:net/disk_cache/cache_util.cc:151] Unable to delete cache folder.
[3022221:3022240:0508/200934.179061:WARNING:net/disk_cache/cache_util.cc:151] Unable to delete cache folder.
[3022217:3022217:0508/200934.185639:WARNING:media/gpu/vaapi/vaapi_wrapper.cc:125] Should skip nVidia device named: nvidia-drm
[3022174:3022174:0508/200934.774852:INFO:CONSOLE:0] "Error with Permissions-Policy header: Unrecognized feature: 'bluetooth'.", source:  (0)
[3022174:3022174:0508/200934.923559:INFO:CONSOLE:157] "Event handler of 'x-storagemutated-1' event must be added on the initial evaluation of worker script.", source: https://static.whatsapp.net/rsrc.php/v4/y3/r/rSnSm9vxcX4.js (157)
[3022174:3022192:0508/200939.390996:WARNING:net/disk_cache/cache_util.cc:151] Unable to delete cache folder.
[3022174:3022192:0508/200939.391446:WARNING:net/disk_cache/cache_util.cc:151] Unable to delete cache folder.
[3022174:3022192:0508/200939.391455:WARNING:net/disk_cache/cache_util.cc:151] Unable to delete cache folder.
[3022174:3022192:0508/200939.391462:WARNING:net/disk_cache/cache_util.cc:151] Unable to delete cache folder.
[3022174:3022192:0508/200939.391468:WARNING:net/disk_cache/cache_util.cc:151] Unable to delete cache folder.
[3022174:3022192:0508/200939.391473:WARNING:net/disk_cache/cache_util.cc:151] Unable to delete cache folder.
[3022174:3022192:0508/200939.391479:WARNING:net/disk_cache/cache_util.cc:151] Unable to delete cache folder.
[3022174:3022192:0508/200939.391485:WARNING:net/disk_cache/cache_util.cc:151] Unable to delete cache folder.
[3022174:3022192:0508/200939.391491:WARNING:net/disk_cache/cache_util.cc:151] Unable to delete cache folder.
[3022174:3022192:0508/200939.391496:WARNING:net/disk_cache/cache_util.cc:151] Unable to delete cache folder.
[3022174:3022192:0508/200939.391502:WARNING:net/disk_cache/cache_util.cc:151] Unable to delete cache folder.
[3022174:3022192:0508/200939.391904:WARNING:net/disk_cache/cache_util.cc:151] Unable to delete cache folder.
[3022174:3022192:0508/200939.391911:WARNING:net/disk_cache/cache_util.cc:151] Unable to delete cache folder.
[3022174:3022192:0508/200939.391917:WARNING:net/disk_cache/cache_util.cc:151] Unable to delete cache folder.
[3022174:3022192:0508/200939.391923:WARNING:net/disk_cache/cache_util.cc:151] Unable to delete cache folder.
[3022174:3022192:0508/200939.391929:WARNING:net/disk_cache/cache_util.cc:151] Unable to delete cache folder.
[3022174:3022192:0508/200939.391935:WARNING:net/disk_cache/cache_util.cc:151] Unable to delete cache folder.
[3022174:3022192:0508/200939.391940:WARNING:net/disk_cache/cache_util.cc:151] Unable to delete cache folder.
[3022174:3022192:0508/200939.391949:WARNING:net/disk_cache/cache_util.cc:151] Unable to delete cache folder.
[3022174:3022192:0508/200939.391954:WARNING:net/disk_cache/cache_util.cc:151] Unable to delete cache folder.
[3022174:3022192:0508/200939.392400:WARNING:net/disk_cache/cache_util.cc:151] Unable to delete cache folder.
[3022174:3022192:0508/200939.392411:WARNING:net/disk_cache/cache_util.cc:151] Unable to delete cache folder.
[3022174:3022192:0508/200939.392418:WARNING:net/disk_cache/cache_util.cc:151] Unable to delete cache folder.
[3022174:3022192:0508/200939.392424:WARNING:net/disk_cache/cache_util.cc:151] Unable to delete cache folder.
[3022174:3022192:0508/200939.392430:WARNING:net/disk_cache/cache_util.cc:151] Unable to delete cache folder.
[3022174:3022192:0508/200939.393087:WARNING:net/disk_cache/cache_util.cc:151] Unable to delete cache folder.
[3022174:3022192:0508/200939.393098:WARNING:net/disk_cache/cache_util.cc:151] Unable to delete cache folder.
[3022174:3022192:0508/200939.393104:WARNING:net/disk_cache/cache_util.cc:151] Unable to delete cache folder.
[3022174:3022192:0508/200939.393113:WARNING:net/disk_cache/cache_util.cc:151] Unable to delete cache folder.
[3022174:3022192:0508/200939.393119:WARNING:net/disk_cache/cache_util.cc:151] Unable to delete cache folder.
[3022174:3022192:0508/200939.393124:WARNING:net/disk_cache/cache_util.cc:151] Unable to delete cache folder.
[3022174:3022192:0508/200939.393751:WARNING:net/disk_cache/cache_util.cc:151] Unable to delete cache folder.
[3022174:3022192:0508/200939.393764:WARNING:net/disk_cache/cache_util.cc:151] Unable to delete cache folder.
[3022174:3022192:0508/200939.393774:WARNING:net/disk_cache/cache_util.cc:151] Unable to delete cache folder.
[3022174:3022192:0508/200939.393782:WARNING:net/disk_cache/cache_util.cc:151] Unable to delete cache folder.
[3022174:3022192:0508/200939.393791:WARNING:net/disk_cache/cache_util.cc:151] Unable to delete cache folder.
[3022174:3022192:0508/200939.394414:WARNING:net/disk_cache/cache_util.cc:151] Unable to delete cache folder.
[3022174:3022192:0508/200939.394441:WARNING:net/disk_cache/cache_util.cc:151] Unable to delete cache folder.
[3022174:3022192:0508/200939.394457:WARNING:net/disk_cache/cache_util.cc:151] Unable to delete cache folder.
[3022174:3022192:0508/200939.394465:WARNING:net/disk_cache/cache_util.cc:151] Unable to delete cache folder.
[3022174:3022192:0508/200939.394473:WARNING:net/disk_cache/cache_util.cc:151] Unable to delete cache folder.
[3022174:3022192:0508/200939.395015:WARNING:net/disk_cache/cache_util.cc:151] Unable to delete cache folder.
[3022174:3022192:0508/200939.395026:WARNING:net/disk_cache/cache_util.cc:151] Unable to delete cache folder.
[3022174:3022192:0508/200939.395033:WARNING:net/disk_cache/cache_util.cc:151] Unable to delete cache folder.
[3022174:3022192:0508/200939.395038:WARNING:net/disk_cache/cache_util.cc:151] Unable to delete cache folder.
[3022174:3022192:0508/200939.395044:WARNING:net/disk_cache/cache_util.cc:151] Unable to delete cache folder.
[3022174:3022192:0508/200939.395596:WARNING:net/disk_cache/cache_util.cc:151] Unable to delete cache folder.
[3022174:3022192:0508/200939.395608:WARNING:net/disk_cache/cache_util.cc:151] Unable to delete cache folder.
[3022174:3022192:0508/200939.395617:WARNING:net/disk_cache/cache_util.cc:151] Unable to delete cache folder.
[3022174:3022192:0508/200939.395626:WARNING:net/disk_cache/cache_util.cc:151] Unable to delete cache folder.
[3022174:3022192:0508/200939.395638:WARNING:net/disk_cache/cache_util.cc:151] Unable to delete cache folder.
[3022174:3022192:0508/200939.395646:WARNING:net/disk_cache/cache_util.cc:151] Unable to delete cache folder.
[3022174:3022192:0508/200939.395654:WARNING:net/disk_cache/cache_util.cc:151] Unable to delete cache folder.
[3022174:3022192:0508/200939.396547:WARNING:net/disk_cache/cache_util.cc:151] Unable to delete cache folder.
[3022174:3022192:0508/200939.396557:WARNING:net/disk_cache/cache_util.cc:151] Unable to delete cache folder.
[3022174:3022192:0508/200939.396563:WARNING:net/disk_cache/cache_util.cc:151] Unable to delete cache folder.
[3022174:3022192:0508/200939.396569:WARNING:net/disk_cache/cache_util.cc:151] Unable to delete cache folder.
[3022174:3022192:0508/200939.396575:WARNING:net/disk_cache/cache_util.cc:151] Unable to delete cache folder.
[3022174:3022192:0508/200939.396581:WARNING:net/disk_cache/cache_util.cc:151] Unable to delete cache folder.
[3022174:3022192:0508/200939.396587:WARNING:net/disk_cache/cache_util.cc:151] Unable to delete cache folder.
[3022174:3022192:0508/200939.396592:WARNING:net/disk_cache/cache_util.cc:151] Unable to delete cache folder.
[3022174:3022192:0508/200939.396999:WARNING:net/disk_cache/cache_util.cc:151] Unable to delete cache folder.
[3022174:3022192:0508/200939.397007:WARNING:net/disk_cache/cache_util.cc:151] Unable to delete cache folder.
[3022174:3022192:0508/200939.397014:WARNING:net/disk_cache/cache_util.cc:151] Unable to delete cache folder.
[3022174:3022192:0508/200939.397039:WARNING:net/disk_cache/cache_util.cc:151] Unable to delete cache folder.
[3022174:3022192:0508/200939.397047:WARNING:net/disk_cache/cache_util.cc:151] Unable to delete cache folder.
[3022174:3022192:0508/200939.397594:WARNING:net/disk_cache/cache_util.cc:151] Unable to delete cache folder.
[3022174:3022192:0508/200939.397601:WARNING:net/disk_cache/cache_util.cc:151] Unable to delete cache folder.
[3022174:3022192:0508/200939.397607:WARNING:net/disk_cache/cache_util.cc:151] Unable to delete cache folder.
[3022174:3022192:0508/200939.397612:WARNING:net/disk_cache/cache_util.cc:151] Unable to delete cache folder.
[3022174:3022192:0508/200939.397618:WARNING:net/disk_cache/cache_util.cc:151] Unable to delete cache folder.
[3022174:3022192:0508/200939.397624:WARNING:net/disk_cache/cache_util.cc:151] Unable to delete cache folder.
[3022174:3022192:0508/200939.397629:WARNING:net/disk_cache/cache_util.cc:151] Unable to delete cache folder.
[3022174:3022192:0508/200939.397635:WARNING:net/disk_cache/cache_util.cc:151] Unable to delete cache folder.
[3022174:3022192:0508/200939.397641:WARNING:net/disk_cache/cache_util.cc:151] Unable to delete cache folder.
[3022174:3022192:0508/200939.398103:WARNING:net/disk_cache/cache_util.cc:151] Unable to delete cache folder.
[3022174:3022192:0508/200939.398110:WARNING:net/disk_cache/cache_util.cc:151] Unable to delete cache folder.
[3022174:3022192:0508/200939.398116:WARNING:net/disk_cache/cache_util.cc:151] Unable to delete cache folder.
[3022174:3022192:0508/200939.398121:WARNING:net/disk_cache/cache_util.cc:151] Unable to delete cache folder.
[3022174:3022192:0508/200939.398127:WARNING:net/disk_cache/cache_util.cc:151] Unable to delete cache folder.
[3022174:3022192:0508/200939.398138:WARNING:net/disk_cache/cache_util.cc:151] Unable to delete cache folder.
[3022174:3022192:0508/200939.398144:WARNING:net/disk_cache/cache_util.cc:151] Unable to delete cache folder.
[3022174:3022192:0508/200939.398150:WARNING:net/disk_cache/cache_util.cc:151] Unable to delete cache folder.
[3022174:3022192:0508/200939.398593:WARNING:net/disk_cache/cache_util.cc:151] Unable to delete cache folder.
[3022174:3022192:0508/200939.398600:WARNING:net/disk_cache/cache_util.cc:151] Unable to delete cache folder.
[3022174:3022192:0508/200939.398606:WARNING:net/disk_cache/cache_util.cc:151] Unable to delete cache folder.
[3022174:3022192:0508/200939.398612:WARNING:net/disk_cache/cache_util.cc:151] Unable to delete cache folder.
[3022174:3022192:0508/200939.398617:WARNING:net/disk_cache/cache_util.cc:151] Unable to delete cache folder.
[3022174:3022192:0508/200939.398623:WARNING:net/disk_cache/cache_util.cc:151] Unable to delete cache folder.
[3022174:3022192:0508/200939.398628:WARNING:net/disk_cache/cache_util.cc:151] Unable to delete cache folder.
[3022174:3022192:0508/200939.398634:WARNING:net/disk_cache/cache_util.cc:151] Unable to delete cache folder.
[3022174:3022192:0508/200939.399053:WARNING:net/disk_cache/cache_util.cc:151] Unable to delete cache folder.
[3022174:3022192:0508/200939.399061:WARNING:net/disk_cache/cache_util.cc:151] Unable to delete cache folder.
[3022174:3022192:0508/200939.399066:WARNING:net/disk_cache/cache_util.cc:151] Unable to delete cache folder.
[3022174:3022192:0508/200939.399072:WARNING:net/disk_cache/cache_util.cc:151] Unable to delete cache folder.
[3022174:3022192:0508/200939.399079:WARNING:net/disk_cache/cache_util.cc:151] Unable to delete cache folder.
[3022174:3022192:0508/200939.399085:WARNING:net/disk_cache/cache_util.cc:151] Unable to delete cache folder.
[3022174:3022192:0508/200939.399091:WARNING:net/disk_cache/cache_util.cc:151] Unable to delete cache folder.
[3022174:3022192:0508/200939.399652:WARNING:net/disk_cache/cache_util.cc:151] Unable to delete cache folder.
[3022174:3022192:0508/200939.399663:WARNING:net/disk_cache/cache_util.cc:151] Unable to delete cache folder.
[3022174:3022192:0508/200939.399682:WARNING:net/disk_cache/cache_util.cc:151] Unable to delete cache folder.
[3022174:3022192:0508/200939.399688:WARNING:net/disk_cache/cache_util.cc:151] Unable to delete cache folder.
[3022174:3022192:0508/200939.400180:WARNING:net/disk_cache/cache_util.cc:151] Unable to delete cache folder.
[3022174:3022192:0508/200939.400188:WARNING:net/disk_cache/cache_util.cc:151] Unable to delete cache folder.
[3022174:3022192:0508/200939.400197:WARNING:net/disk_cache/cache_util.cc:151] Unable to delete cache folder.
[3022174:3022192:0508/200939.400202:WARNING:net/disk_cache/cache_util.cc:151] Unable to delete cache folder.
[3022174:3022192:0508/200939.400208:WARNING:net/disk_cache/cache_util.cc:151] Unable to delete cache folder.
[3022174:3022192:0508/200939.400214:WARNING:net/disk_cache/cache_util.cc:151] Unable to delete cache folder.
[3022174:3022192:0508/200939.400222:WARNING:net/disk_cache/cache_util.cc:151] Unable to delete cache folder.
[3022174:3022192:0508/200939.400784:WARNING:net/disk_cache/cache_util.cc:151] Unable to delete cache folder.
[3022174:3022192:0508/200939.400796:WARNING:net/disk_cache/cache_util.cc:151] Unable to delete cache folder.
[3022174:3022192:0508/200939.400802:WARNING:net/disk_cache/cache_util.cc:151] Unable to delete cache folder.
[3022174:3022192:0508/200939.400808:WARNING:net/disk_cache/cache_util.cc:151] Unable to delete cache folder.
[3022174:3022192:0508/200939.400814:WARNING:net/disk_cache/cache_util.cc:151] Unable to delete cache folder.
[3022174:3022192:0508/200939.401177:WARNING:net/disk_cache/cache_util.cc:151] Unable to delete cache folder.
[3022174:3022192:0508/200939.401184:WARNING:net/disk_cache/cache_util.cc:151] Unable to delete cache folder.
[3022174:3022192:0508/200939.401190:WARNING:net/disk_cache/cache_util.cc:151] Unable to delete cache folder.
[3022174:3022192:0508/200939.401196:WARNING:net/disk_cache/cache_util.cc:151] Unable to delete cache folder.
[3022174:3022192:0508/200939.401202:WARNING:net/disk_cache/cache_util.cc:151] Unable to delete cache folder.
[3022174:3022192:0508/200939.401208:WARNING:net/disk_cache/cache_util.cc:151] Unable to delete cache folder.
[3022174:3022192:0508/200939.401214:WARNING:net/disk_cache/cache_util.cc:151] Unable to delete cache folder.
[3022174:3022192:0508/200939.401222:WARNING:net/disk_cache/cache_util.cc:151] Unable to delete cache folder.
[3022174:3022192:0508/200939.401753:WARNING:net/disk_cache/cache_util.cc:151] Unable to delete cache folder.
[3022174:3022192:0508/200939.401760:WARNING:net/disk_cache/cache_util.cc:151] Unable to delete cache folder.
[3022174:3022192:0508/200939.401765:WARNING:net/disk_cache/cache_util.cc:151] Unable to delete cache folder.
[3022174:3022192:0508/200939.401771:WARNING:net/disk_cache/cache_util.cc:151] Unable to delete cache folder.
[3022174:3022192:0508/200939.401780:WARNING:net/disk_cache/cache_util.cc:151] Unable to delete cache folder.
[3022174:3022192:0508/200939.401789:WARNING:net/disk_cache/cache_util.cc:151] Unable to delete cache folder.
[3022174:3022192:0508/200939.401798:WARNING:net/disk_cache/cache_util.cc:151] Unable to delete cache folder.
[3022174:3022192:0508/200939.401808:WARNING:net/disk_cache/cache_util.cc:151] Unable to delete cache folder.
[3022174:3022192:0508/200939.402277:WARNING:net/disk_cache/cache_util.cc:151] Unable to delete cache folder.
[3022174:3022192:0508/200939.402285:WARNING:net/disk_cache/cache_util.cc:151] Unable to delete cache folder.
[3022174:3022192:0508/200939.402290:WARNING:net/disk_cache/cache_util.cc:151] Unable to delete cache folder.
[3022174:3022192:0508/200939.402296:WARNING:net/disk_cache/cache_util.cc:151] Unable to delete cache folder.
[3022174:3022192:0508/200939.402302:WARNING:net/disk_cache/cache_util.cc:151] Unable to delete cache folder.
[3022174:3022192:0508/200939.402308:WARNING:net/disk_cache/cache_util.cc:151] Unable to delete cache folder.
[3022174:3022192:0508/200939.402314:WARNING:net/disk_cache/cache_util.cc:151] Unable to delete cache folder.
[3022174:3022192:0508/200939.402322:WARNING:net/disk_cache/cache_util.cc:151] Unable to delete cache folder.
[3022174:3022192:0508/200939.402947:WARNING:net/disk_cache/cache_util.cc:151] Unable to delete cache folder.
[3022174:3022192:0508/200939.402957:WARNING:net/disk_cache/cache_util.cc:151] Unable to delete cache folder.
[3022174:3022192:0508/200939.402966:WARNING:net/disk_cache/cache_util.cc:151] Unable to delete cache folder.
[3022174:3022192:0508/200939.402979:WARNING:net/disk_cache/cache_util.cc:151] Unable to delete cache folder.
[3022174:3022192:0508/200939.402988:WARNING:net/disk_cache/cache_util.cc:151] Unable to delete cache folder.
[3022174:3022192:0508/200939.402997:WARNING:net/disk_cache/cache_util.cc:151] Unable to delete cache folder.
[3022174:3022192:0508/200939.403006:WARNING:net/disk_cache/cache_util.cc:151] Unable to delete cache folder.
[3022174:3022192:0508/200939.403520:WARNING:net/disk_cache/cache_util.cc:151] Unable to delete cache folder.
[3022174:3022192:0508/200939.403530:WARNING:net/disk_cache/cache_util.cc:151] Unable to delete cache folder.
[3022174:3022192:0508/200939.403539:WARNING:net/disk_cache/cache_util.cc:151] Unable to delete cache folder.
[3022174:3022192:0508/200939.403548:WARNING:net/disk_cache/cache_util.cc:151] Unable to delete cache folder.
[3022174:3022192:0508/200939.403557:WARNING:net/disk_cache/cache_util.cc:151] Unable to delete cache folder.
[3022174:3022192:0508/200939.403565:WARNING:net/disk_cache/cache_util.cc:151] Unable to delete cache folder.
[3022174:3022192:0508/200939.403571:WARNING:net/disk_cache/cache_util.cc:151] Unable to delete cache folder.
[3022174:3022192:0508/200939.403986:WARNING:net/disk_cache/cache_util.cc:151] Unable to delete cache folder.
[3022174:3022192:0508/200939.403994:WARNING:net/disk_cache/cache_util.cc:151] Unable to delete cache folder.
[3022174:3022192:0508/200939.404000:WARNING:net/disk_cache/cache_util.cc:151] Unable to delete cache folder.
[3022174:3022192:0508/200939.404006:WARNING:net/disk_cache/cache_util.cc:151] Unable to delete cache folder.
[3022174:3022192:0508/200939.404011:WARNING:net/disk_cache/cache_util.cc:151] Unable to delete cache folder.
[3022174:3022192:0508/200939.404017:WARNING:net/disk_cache/cache_util.cc:151] Unable to delete cache folder.
[3022174:3022192:0508/200939.404023:WARNING:net/disk_cache/cache_util.cc:151] Unable to delete cache folder.
[3022174:3022192:0508/200939.404454:WARNING:net/disk_cache/cache_util.cc:151] Unable to delete cache folder.
[3022174:3022192:0508/200939.404461:WARNING:net/disk_cache/cache_util.cc:151] Unable to delete cache folder.
[3022174:3022192:0508/200939.404467:WARNING:net/disk_cache/cache_util.cc:151] Unable to delete cache folder.
[3022174:3022192:0508/200939.404473:WARNING:net/disk_cache/cache_util.cc:151] Unable to delete cache folder.
[3022174:3022192:0508/200939.404479:WARNING:net/disk_cache/cache_util.cc:151] Unable to delete cache folder.
[3022174:3022192:0508/200939.404484:WARNING:net/disk_cache/cache_util.cc:151] Unable to delete cache folder.
[3022174:3022192:0508/200939.404490:WARNING:net/disk_cache/cache_util.cc:151] Unable to delete cache folder.
[3022174:3022192:0508/200939.404496:WARNING:net/disk_cache/cache_util.cc:151] Unable to delete cache folder.
[3022174:3022192:0508/200939.404939:WARNING:net/disk_cache/cache_util.cc:151] Unable to delete cache folder.
[3022174:3022192:0508/200939.404946:WARNING:net/disk_cache/cache_util.cc:151] Unable to delete cache folder.
[3022174:3022192:0508/200939.404952:WARNING:net/disk_cache/cache_util.cc:151] Unable to delete cache folder.
[3022174:3022192:0508/200939.404957:WARNING:net/disk_cache/cache_util.cc:151] Unable to delete cache folder.
[3022174:3022192:0508/200939.404963:WARNING:net/disk_cache/cache_util.cc:151] Unable to delete cache folder.
[3022174:3022192:0508/200939.404968:WARNING:net/disk_cache/cache_util.cc:151] Unable to delete cache folder.
[3022174:3022192:0508/200939.404974:WARNING:net/disk_cache/cache_util.cc:151] Unable to delete cache folder.
[3022174:3022192:0508/200939.404979:WARNING:net/disk_cache/cache_util.cc:151] Unable to delete cache folder.
[3022174:3022192:0508/200939.405442:WARNING:net/disk_cache/cache_util.cc:151] Unable to delete cache folder.
[3022174:3022192:0508/200939.405452:WARNING:net/disk_cache/cache_util.cc:151] Unable to delete cache folder.
[3022174:3022192:0508/200939.405460:WARNING:net/disk_cache/cache_util.cc:151] Unable to delete cache folder.
[3022174:3022192:0508/200939.405467:WARNING:net/disk_cache/cache_util.cc:151] Unable to delete cache folder.
[3022174:3022192:0508/200939.405476:WARNING:net/disk_cache/cache_util.cc:151] Unable to delete cache folder.
[3022174:3022192:0508/200939.405486:WARNING:net/disk_cache/cache_util.cc:151] Unable to delete cache folder.
[3022174:3022192:0508/200939.405495:WARNING:net/disk_cache/cache_util.cc:151] Unable to delete cache folder.
[3022174:3022192:0508/200939.406086:WARNING:net/disk_cache/cache_util.cc:151] Unable to delete cache folder.
[3022174:3022192:0508/200939.406093:WARNING:net/disk_cache/cache_util.cc:151] Unable to delete cache folder.
[3022174:3022192:0508/200939.406098:WARNING:net/disk_cache/cache_util.cc:151] Unable to delete cache folder.
[3022174:3022192:0508/200939.406104:WARNING:net/disk_cache/cache_util.cc:151] Unable to delete cache folder.
[3022174:3022192:0508/200939.406110:WARNING:net/disk_cache/cache_util.cc:151] Unable to delete cache folder.
[3022174:3022192:0508/200939.406115:WARNING:net/disk_cache/cache_util.cc:151] Unable to delete cache folder.
[3022174:3022192:0508/200939.406121:WARNING:net/disk_cache/cache_util.cc:151] Unable to delete cache folder.
[3022174:3022192:0508/200939.406127:WARNING:net/disk_cache/cache_util.cc:151] Unable to delete cache folder.
[3022174:3022192:0508/200939.406517:WARNING:net/disk_cache/cache_util.cc:151] Unable to delete cache folder.
[3022174:3022192:0508/200939.406524:WARNING:net/disk_cache/cache_util.cc:151] Unable to delete cache folder.
[3022174:3022192:0508/200939.406530:WARNING:net/disk_cache/cache_util.cc:151] Unable to delete cache folder.
[3022174:3022192:0508/200939.406536:WARNING:net/disk_cache/cache_util.cc:151] Unable to delete cache folder.
[3022174:3022192:0508/200939.406541:WARNING:net/disk_cache/cache_util.cc:151] Unable to delete cache folder.
[3022174:3022192:0508/200939.406547:WARNING:net/disk_cache/cache_util.cc:151] Unable to delete cache folder.
[3022174:3022192:0508/200939.406553:WARNING:net/disk_cache/cache_util.cc:151] Unable to delete cache folder.
[3022174:3022192:0508/200939.406558:WARNING:net/disk_cache/cache_util.cc:151] Unable to delete cache folder.
[3022174:3022192:0508/200939.407013:WARNING:net/disk_cache/cache_util.cc:151] Unable to delete cache folder.
[3022174:3022192:0508/200939.407020:WARNING:net/disk_cache/cache_util.cc:151] Unable to delete cache folder.
[3022174:3022174:0508/200943.363617:INFO:CONSOLE:157] "Event handler of 'x-storagemutated-1' event must be added on the initial evaluation of worker script.", source: https://static.whatsapp.net/rsrc.php/v4/y3/r/rSnSm9vxcX4.js (157)
[3022174:3022174:0508/201017.983106:INFO:CONSOLE:77] "ErrorUtils caught an error:

Converting to a string will drop content data. Hash="undefined" Translation="{author} joined from the community" Content="{"key":null,"ref":null,"props":{"contact":{"id":"447397759134@c.us","type":"in","textStatusLastUpdateTime":-1,"syncToAddressbook":false},"showNotifyName":true,"elevatedPushNamesEnabled":true,"onClick":null}}" (type=object,Object)

Subsequent non-fatal errors won't be logged; see https://fburl.com/debugjs. [object Object]", source: https://static.whatsapp.net/rsrc.php/v4/yS/r/5S4RufCxTL9.js (77)
[3022174:3022174:0508/201018.622154:INFO:CONSOLE:157] "Event handler of 'x-storagemutated-1' event must be added on the initial evaluation of worker script.", source: https://static.whatsapp.net/rsrc.php/v4/y3/r/rSnSm9vxcX4.js (157)
[3022221:3022240:0508/201200.549699:WARNING:net/extras/sqlite/sqlite_persistent_store_backend_base.cc:176] Failed to post task from FlushAndNotifyInBackground@net/extras/sqlite/sqlite_persistent_store_backend_base.cc:226 to client_task_runner_.
