[3093672:3093672:0508/222549.064330:INFO:components/enterprise/browser/controller/chrome_browser_cloud_management_controller.cc:202] No machine level policy manager exists.
[3093672:3093717:0508/222549.079702:ERROR:net/disk_cache/simple/simple_backend_impl.cc:79] Failed to create directory: /dev/null/Default/Code Cache/js
[3093672:3093717:0508/222549.079758:ERROR:net/disk_cache/simple/simple_backend_impl.cc:79] Failed to create directory: /dev/null/Default/Code Cache/js
[3093672:3093717:0508/222549.079770:ERROR:net/disk_cache/simple/simple_backend_impl.cc:747] Simple Cache Backend: wrong file structure on disk: 1 path: /dev/null/Default/Code Cache/js
[3093672:3093744:0508/222549.079776:ERROR:net/disk_cache/simple/simple_backend_impl.cc:79] Failed to create directory: /dev/null/Default/Code Cache/wasm
[3093672:3093744:0508/222549.079841:ERROR:net/disk_cache/simple/simple_backend_impl.cc:79] Failed to create directory: /dev/null/Default/Code Cache/wasm
[3093672:3093754:0508/222549.079949:ERROR:net/disk_cache/disk_cache.cc:216] Unable to create cache
[3093672:3093744:0508/222549.081471:ERROR:net/disk_cache/simple/simple_backend_impl.cc:747] Simple Cache Backend: wrong file structure on disk: 1 path: /dev/null/Default/Code Cache/wasm
[3093672:3093754:0508/222549.081534:ERROR:net/disk_cache/disk_cache.cc:216] Unable to create cache
[3093750:3093750:0508/222549.389510:WARNING:media/gpu/vaapi/vaapi_wrapper.cc:125] Should skip nVidia device named: nvidia-drm
[3093753:3093773:0508/222549.413097:ERROR:net/disk_cache/simple/simple_backend_impl.cc:79] Failed to create directory: /dev/null/Default/Cache/Cache_Data
[3093753:3093773:0508/222549.413200:ERROR:net/disk_cache/simple/simple_backend_impl.cc:79] Failed to create directory: /dev/null/Default/Cache/Cache_Data
[3093753:3093773:0508/222549.413213:ERROR:net/disk_cache/simple/simple_backend_impl.cc:747] Simple Cache Backend: wrong file structure on disk: 1 path: /dev/null/Default/Cache/Cache_Data
[3093753:3093773:0508/222549.413287:WARNING:net/disk_cache/cache_util.cc:151] Unable to delete cache folder.
[3093753:3093773:0508/222549.413296:WARNING:net/disk_cache/cache_util.cc:151] Unable to delete cache folder.
[3093753:3093773:0508/222549.413302:WARNING:net/disk_cache/cache_util.cc:151] Unable to delete cache folder.
[3093753:3093775:0508/222549.413298:ERROR:net/disk_cache/disk_cache.cc:216] Unable to create cache
[3093753:3093773:0508/222549.413310:WARNING:net/disk_cache/cache_util.cc:151] Unable to delete cache folder.
[3093753:3093773:0508/222549.413330:WARNING:net/disk_cache/cache_util.cc:151] Unable to delete cache folder.
[3093753:3093773:0508/222549.413337:WARNING:net/disk_cache/cache_util.cc:151] Unable to delete cache folder.
[3093753:3093773:0508/222549.413343:WARNING:net/disk_cache/cache_util.cc:151] Unable to delete cache folder.
[3093753:3093773:0508/222549.413349:WARNING:net/disk_cache/cache_util.cc:151] Unable to delete cache folder.
[3093753:3093773:0508/222549.413355:WARNING:net/disk_cache/cache_util.cc:151] Unable to delete cache folder.
[3093753:3093773:0508/222549.413361:WARNING:net/disk_cache/cache_util.cc:151] Unable to delete cache folder.
[3093753:3093773:0508/222549.413367:WARNING:net/disk_cache/cache_util.cc:151] Unable to delete cache folder.
[3093753:3093773:0508/222549.413373:WARNING:net/disk_cache/cache_util.cc:151] Unable to delete cache folder.
[3093753:3093773:0508/222549.413379:WARNING:net/disk_cache/cache_util.cc:151] Unable to delete cache folder.
[3093753:3093773:0508/222549.413385:WARNING:net/disk_cache/cache_util.cc:151] Unable to delete cache folder.
[3093753:3093773:0508/222549.413391:WARNING:net/disk_cache/cache_util.cc:151] Unable to delete cache folder.
[3093753:3093773:0508/222549.413397:WARNING:net/disk_cache/cache_util.cc:151] Unable to delete cache folder.
[3093753:3093773:0508/222549.413403:WARNING:net/disk_cache/cache_util.cc:151] Unable to delete cache folder.
[3093753:3093773:0508/222549.413409:WARNING:net/disk_cache/cache_util.cc:151] Unable to delete cache folder.
[3093753:3093773:0508/222549.413415:WARNING:net/disk_cache/cache_util.cc:151] Unable to delete cache folder.
[3093753:3093773:0508/222549.413426:WARNING:net/disk_cache/cache_util.cc:151] Unable to delete cache folder.
[3093753:3093773:0508/222549.413432:WARNING:net/disk_cache/cache_util.cc:151] Unable to delete cache folder.
[3093753:3093773:0508/222549.413438:WARNING:net/disk_cache/cache_util.cc:151] Unable to delete cache folder.
[3093753:3093773:0508/222549.413444:WARNING:net/disk_cache/cache_util.cc:151] Unable to delete cache folder.
[3093753:3093773:0508/222549.413450:WARNING:net/disk_cache/cache_util.cc:151] Unable to delete cache folder.
[3093753:3093773:0508/222549.413456:WARNING:net/disk_cache/cache_util.cc:151] Unable to delete cache folder.
[3093753:3093773:0508/222549.413462:WARNING:net/disk_cache/cache_util.cc:151] Unable to delete cache folder.
[3093753:3093773:0508/222549.413468:WARNING:net/disk_cache/cache_util.cc:151] Unable to delete cache folder.
[3093753:3093773:0508/222549.413474:WARNING:net/disk_cache/cache_util.cc:151] Unable to delete cache folder.
[3093753:3093773:0508/222549.413480:WARNING:net/disk_cache/cache_util.cc:151] Unable to delete cache folder.
[3093753:3093773:0508/222549.413486:WARNING:net/disk_cache/cache_util.cc:151] Unable to delete cache folder.
[3093753:3093773:0508/222549.413492:WARNING:net/disk_cache/cache_util.cc:151] Unable to delete cache folder.
[3093753:3093773:0508/222549.413498:WARNING:net/disk_cache/cache_util.cc:151] Unable to delete cache folder.
[3093753:3093773:0508/222549.413504:WARNING:net/disk_cache/cache_util.cc:151] Unable to delete cache folder.
[3093753:3093773:0508/222549.413510:WARNING:net/disk_cache/cache_util.cc:151] Unable to delete cache folder.
[3093753:3093773:0508/222549.413518:WARNING:net/disk_cache/cache_util.cc:151] Unable to delete cache folder.
[3093753:3093773:0508/222549.413526:WARNING:net/disk_cache/cache_util.cc:151] Unable to delete cache folder.
[3093753:3093773:0508/222549.413533:WARNING:net/disk_cache/cache_util.cc:151] Unable to delete cache folder.
[3093753:3093773:0508/222549.413539:WARNING:net/disk_cache/cache_util.cc:151] Unable to delete cache folder.
[3093753:3093773:0508/222549.413545:WARNING:net/disk_cache/cache_util.cc:151] Unable to delete cache folder.
[3093753:3093773:0508/222549.413551:WARNING:net/disk_cache/cache_util.cc:151] Unable to delete cache folder.
[3093753:3093773:0508/222549.413557:WARNING:net/disk_cache/cache_util.cc:151] Unable to delete cache folder.
[3093753:3093773:0508/222549.413563:WARNING:net/disk_cache/cache_util.cc:151] Unable to delete cache folder.
[3093753:3093773:0508/222549.413573:WARNING:net/disk_cache/cache_util.cc:151] Unable to delete cache folder.
[3093753:3093773:0508/222549.413581:WARNING:net/disk_cache/cache_util.cc:151] Unable to delete cache folder.
[3093753:3093773:0508/222549.413590:WARNING:net/disk_cache/cache_util.cc:151] Unable to delete cache folder.
[3093753:3093773:0508/222549.413600:WARNING:net/disk_cache/cache_util.cc:151] Unable to delete cache folder.
[3093753:3093773:0508/222549.413610:WARNING:net/disk_cache/cache_util.cc:151] Unable to delete cache folder.
[3093753:3093773:0508/222549.413619:WARNING:net/disk_cache/cache_util.cc:151] Unable to delete cache folder.
[3093753:3093773:0508/222549.413629:WARNING:net/disk_cache/cache_util.cc:151] Unable to delete cache folder.
[3093753:3093773:0508/222549.413638:WARNING:net/disk_cache/cache_util.cc:151] Unable to delete cache folder.
[3093753:3093773:0508/222549.413648:WARNING:net/disk_cache/cache_util.cc:151] Unable to delete cache folder.
[3093753:3093773:0508/222549.413657:WARNING:net/disk_cache/cache_util.cc:151] Unable to delete cache folder.
[3093753:3093773:0508/222549.413665:WARNING:net/disk_cache/cache_util.cc:151] Unable to delete cache folder.
[3093753:3093773:0508/222549.413672:WARNING:net/disk_cache/cache_util.cc:151] Unable to delete cache folder.
[3093753:3093773:0508/222549.413678:WARNING:net/disk_cache/cache_util.cc:151] Unable to delete cache folder.
[3093753:3093773:0508/222549.413684:WARNING:net/disk_cache/cache_util.cc:151] Unable to delete cache folder.
[3093753:3093773:0508/222549.413690:WARNING:net/disk_cache/cache_util.cc:151] Unable to delete cache folder.
[3093753:3093773:0508/222549.413699:WARNING:net/disk_cache/cache_util.cc:151] Unable to delete cache folder.
[3093753:3093773:0508/222549.413705:WARNING:net/disk_cache/cache_util.cc:151] Unable to delete cache folder.
[3093753:3093773:0508/222549.413711:WARNING:net/disk_cache/cache_util.cc:151] Unable to delete cache folder.
[3093753:3093773:0508/222549.413717:WARNING:net/disk_cache/cache_util.cc:151] Unable to delete cache folder.
[3093753:3093773:0508/222549.413723:WARNING:net/disk_cache/cache_util.cc:151] Unable to delete cache folder.
[3093753:3093773:0508/222549.413729:WARNING:net/disk_cache/cache_util.cc:151] Unable to delete cache folder.
[3093753:3093773:0508/222549.413735:WARNING:net/disk_cache/cache_util.cc:151] Unable to delete cache folder.
[3093753:3093773:0508/222549.413741:WARNING:net/disk_cache/cache_util.cc:151] Unable to delete cache folder.
[3093753:3093773:0508/222549.413747:WARNING:net/disk_cache/cache_util.cc:151] Unable to delete cache folder.
[3093753:3093773:0508/222549.413753:WARNING:net/disk_cache/cache_util.cc:151] Unable to delete cache folder.
[3093753:3093773:0508/222549.413759:WARNING:net/disk_cache/cache_util.cc:151] Unable to delete cache folder.
[3093753:3093773:0508/222549.413765:WARNING:net/disk_cache/cache_util.cc:151] Unable to delete cache folder.
[3093753:3093773:0508/222549.413771:WARNING:net/disk_cache/cache_util.cc:151] Unable to delete cache folder.
[3093753:3093773:0508/222549.413777:WARNING:net/disk_cache/cache_util.cc:151] Unable to delete cache folder.
[3093753:3093773:0508/222549.413783:WARNING:net/disk_cache/cache_util.cc:151] Unable to delete cache folder.
[3093753:3093773:0508/222549.413789:WARNING:net/disk_cache/cache_util.cc:151] Unable to delete cache folder.
[3093753:3093773:0508/222549.413795:WARNING:net/disk_cache/cache_util.cc:151] Unable to delete cache folder.
[3093753:3093773:0508/222549.413801:WARNING:net/disk_cache/cache_util.cc:151] Unable to delete cache folder.
[3093753:3093773:0508/222549.413807:WARNING:net/disk_cache/cache_util.cc:151] Unable to delete cache folder.
[3093753:3093773:0508/222549.413813:WARNING:net/disk_cache/cache_util.cc:151] Unable to delete cache folder.
[3093753:3093773:0508/222549.413819:WARNING:net/disk_cache/cache_util.cc:151] Unable to delete cache folder.
[3093753:3093773:0508/222549.413825:WARNING:net/disk_cache/cache_util.cc:151] Unable to delete cache folder.
[3093753:3093773:0508/222549.413831:WARNING:net/disk_cache/cache_util.cc:151] Unable to delete cache folder.
[3093753:3093773:0508/222549.413838:WARNING:net/disk_cache/cache_util.cc:151] Unable to delete cache folder.
[3093753:3093773:0508/222549.413844:WARNING:net/disk_cache/cache_util.cc:151] Unable to delete cache folder.
[3093753:3093773:0508/222549.413849:WARNING:net/disk_cache/cache_util.cc:151] Unable to delete cache folder.
[3093753:3093773:0508/222549.413855:WARNING:net/disk_cache/cache_util.cc:151] Unable to delete cache folder.
[3093753:3093773:0508/222549.413861:WARNING:net/disk_cache/cache_util.cc:151] Unable to delete cache folder.
[3093753:3093773:0508/222549.413866:WARNING:net/disk_cache/cache_util.cc:151] Unable to delete cache folder.
[3093753:3093773:0508/222549.413872:WARNING:net/disk_cache/cache_util.cc:151] Unable to delete cache folder.
[3093753:3093773:0508/222549.413877:WARNING:net/disk_cache/cache_util.cc:151] Unable to delete cache folder.
[3093753:3093773:0508/222549.413883:WARNING:net/disk_cache/cache_util.cc:151] Unable to delete cache folder.
[3093753:3093773:0508/222549.413888:WARNING:net/disk_cache/cache_util.cc:151] Unable to delete cache folder.
[3093753:3093773:0508/222549.413894:WARNING:net/disk_cache/cache_util.cc:151] Unable to delete cache folder.
[3093753:3093773:0508/222549.413900:WARNING:net/disk_cache/cache_util.cc:151] Unable to delete cache folder.
[3093753:3093773:0508/222549.413905:WARNING:net/disk_cache/cache_util.cc:151] Unable to delete cache folder.
[3093753:3093773:0508/222549.413911:WARNING:net/disk_cache/cache_util.cc:151] Unable to delete cache folder.
[3093753:3093773:0508/222549.413918:WARNING:net/disk_cache/cache_util.cc:151] Unable to delete cache folder.
[3093753:3093773:0508/222549.413924:WARNING:net/disk_cache/cache_util.cc:151] Unable to delete cache folder.
[3093753:3093773:0508/222549.413930:WARNING:net/disk_cache/cache_util.cc:151] Unable to delete cache folder.
[3093753:3093773:0508/222549.413935:WARNING:net/disk_cache/cache_util.cc:151] Unable to delete cache folder.
[3093753:3093773:0508/222549.413941:WARNING:net/disk_cache/cache_util.cc:151] Unable to delete cache folder.
[3093753:3093773:0508/222549.413946:WARNING:net/disk_cache/cache_util.cc:151] Unable to delete cache folder.
[3093672:3093672:0508/222549.696697:INFO:CONSOLE:0] "Error with Permissions-Policy header: Unrecognized feature: 'bluetooth'.", source:  (0)
[3093672:3093672:0508/222554.266688:INFO:CONSOLE:157] "Event handler of 'x-storagemutated-1' event must be added on the initial evaluation of worker script.", source: https://static.whatsapp.net/rsrc.php/v4/y3/r/rSnSm9vxcX4.js (157)
[3093672:3093741:0508/222554.888269:WARNING:net/disk_cache/cache_util.cc:151] Unable to delete cache folder.
[3093672:3093741:0508/222554.888291:WARNING:net/disk_cache/cache_util.cc:151] Unable to delete cache folder.
[3093672:3093741:0508/222554.888305:WARNING:net/disk_cache/cache_util.cc:151] Unable to delete cache folder.
[3093672:3093741:0508/222554.888315:WARNING:net/disk_cache/cache_util.cc:151] Unable to delete cache folder.
[3093672:3093741:0508/222554.888324:WARNING:net/disk_cache/cache_util.cc:151] Unable to delete cache folder.
[3093672:3093741:0508/222554.888333:WARNING:net/disk_cache/cache_util.cc:151] Unable to delete cache folder.
[3093672:3093741:0508/222554.888341:WARNING:net/disk_cache/cache_util.cc:151] Unable to delete cache folder.
[3093672:3093741:0508/222554.888349:WARNING:net/disk_cache/cache_util.cc:151] Unable to delete cache folder.
[3093672:3093741:0508/222554.888357:WARNING:net/disk_cache/cache_util.cc:151] Unable to delete cache folder.
[3093672:3093741:0508/222554.888365:WARNING:net/disk_cache/cache_util.cc:151] Unable to delete cache folder.
[3093672:3093741:0508/222554.888374:WARNING:net/disk_cache/cache_util.cc:151] Unable to delete cache folder.
[3093672:3093741:0508/222554.888382:WARNING:net/disk_cache/cache_util.cc:151] Unable to delete cache folder.
[3093672:3093741:0508/222554.888392:WARNING:net/disk_cache/cache_util.cc:151] Unable to delete cache folder.
[3093672:3093741:0508/222554.889004:WARNING:net/disk_cache/cache_util.cc:151] Unable to delete cache folder.
[3093672:3093741:0508/222554.889017:WARNING:net/disk_cache/cache_util.cc:151] Unable to delete cache folder.
[3093672:3093741:0508/222554.889027:WARNING:net/disk_cache/cache_util.cc:151] Unable to delete cache folder.
[3093672:3093741:0508/222554.889525:WARNING:net/disk_cache/cache_util.cc:151] Unable to delete cache folder.
[3093672:3093741:0508/222554.889538:WARNING:net/disk_cache/cache_util.cc:151] Unable to delete cache folder.
[3093672:3093741:0508/222554.889548:WARNING:net/disk_cache/cache_util.cc:151] Unable to delete cache folder.
[3093672:3093741:0508/222554.890039:WARNING:net/disk_cache/cache_util.cc:151] Unable to delete cache folder.
[3093672:3093741:0508/222554.890052:WARNING:net/disk_cache/cache_util.cc:151] Unable to delete cache folder.
[3093672:3093741:0508/222554.890062:WARNING:net/disk_cache/cache_util.cc:151] Unable to delete cache folder.
[3093672:3093741:0508/222554.890070:WARNING:net/disk_cache/cache_util.cc:151] Unable to delete cache folder.
[3093672:3093741:0508/222554.890079:WARNING:net/disk_cache/cache_util.cc:151] Unable to delete cache folder.
[3093672:3093741:0508/222554.890580:WARNING:net/disk_cache/cache_util.cc:151] Unable to delete cache folder.
[3093672:3093741:0508/222554.890593:WARNING:net/disk_cache/cache_util.cc:151] Unable to delete cache folder.
[3093672:3093741:0508/222554.890602:WARNING:net/disk_cache/cache_util.cc:151] Unable to delete cache folder.
[3093672:3093741:0508/222554.890611:WARNING:net/disk_cache/cache_util.cc:151] Unable to delete cache folder.
[3093672:3093741:0508/222554.890625:WARNING:net/disk_cache/cache_util.cc:151] Unable to delete cache folder.
[3093672:3093741:0508/222554.890634:WARNING:net/disk_cache/cache_util.cc:151] Unable to delete cache folder.
[3093672:3093741:0508/222554.890644:WARNING:net/disk_cache/cache_util.cc:151] Unable to delete cache folder.
[3093672:3093741:0508/222554.890653:WARNING:net/disk_cache/cache_util.cc:151] Unable to delete cache folder.
[3093672:3093741:0508/222554.890663:WARNING:net/disk_cache/cache_util.cc:151] Unable to delete cache folder.
[3093672:3093741:0508/222554.890672:WARNING:net/disk_cache/cache_util.cc:151] Unable to delete cache folder.
[3093672:3093741:0508/222554.890680:WARNING:net/disk_cache/cache_util.cc:151] Unable to delete cache folder.
[3093672:3093741:0508/222554.890689:WARNING:net/disk_cache/cache_util.cc:151] Unable to delete cache folder.
[3093672:3093741:0508/222554.891354:WARNING:net/disk_cache/cache_util.cc:151] Unable to delete cache folder.
[3093672:3093741:0508/222554.891367:WARNING:net/disk_cache/cache_util.cc:151] Unable to delete cache folder.
[3093672:3093741:0508/222554.891378:WARNING:net/disk_cache/cache_util.cc:151] Unable to delete cache folder.
[3093672:3093741:0508/222554.892012:WARNING:net/disk_cache/cache_util.cc:151] Unable to delete cache folder.
[3093672:3093741:0508/222554.892025:WARNING:net/disk_cache/cache_util.cc:151] Unable to delete cache folder.
[3093672:3093741:0508/222554.892035:WARNING:net/disk_cache/cache_util.cc:151] Unable to delete cache folder.
[3093672:3093741:0508/222554.892043:WARNING:net/disk_cache/cache_util.cc:151] Unable to delete cache folder.
[3093672:3093741:0508/222554.892615:WARNING:net/disk_cache/cache_util.cc:151] Unable to delete cache folder.
[3093672:3093741:0508/222554.892628:WARNING:net/disk_cache/cache_util.cc:151] Unable to delete cache folder.
[3093672:3093741:0508/222554.892637:WARNING:net/disk_cache/cache_util.cc:151] Unable to delete cache folder.
[3093672:3093741:0508/222554.892646:WARNING:net/disk_cache/cache_util.cc:151] Unable to delete cache folder.
[3093672:3093741:0508/222554.892655:WARNING:net/disk_cache/cache_util.cc:151] Unable to delete cache folder.
[3093672:3093741:0508/222554.893302:WARNING:net/disk_cache/cache_util.cc:151] Unable to delete cache folder.
[3093672:3093741:0508/222554.893315:WARNING:net/disk_cache/cache_util.cc:151] Unable to delete cache folder.
[3093672:3093741:0508/222554.893325:WARNING:net/disk_cache/cache_util.cc:151] Unable to delete cache folder.
[3093672:3093741:0508/222554.893334:WARNING:net/disk_cache/cache_util.cc:151] Unable to delete cache folder.
[3093672:3093741:0508/222554.894026:WARNING:net/disk_cache/cache_util.cc:151] Unable to delete cache folder.
[3093672:3093741:0508/222554.894036:WARNING:net/disk_cache/cache_util.cc:151] Unable to delete cache folder.
[3093672:3093741:0508/222554.894043:WARNING:net/disk_cache/cache_util.cc:151] Unable to delete cache folder.
[3093672:3093741:0508/222554.894048:WARNING:net/disk_cache/cache_util.cc:151] Unable to delete cache folder.
[3093672:3093741:0508/222554.894057:WARNING:net/disk_cache/cache_util.cc:151] Unable to delete cache folder.
[3093672:3093741:0508/222554.894699:WARNING:net/disk_cache/cache_util.cc:151] Unable to delete cache folder.
[3093672:3093741:0508/222554.894708:WARNING:net/disk_cache/cache_util.cc:151] Unable to delete cache folder.
[3093672:3093741:0508/222554.894714:WARNING:net/disk_cache/cache_util.cc:151] Unable to delete cache folder.
[3093672:3093741:0508/222554.894720:WARNING:net/disk_cache/cache_util.cc:151] Unable to delete cache folder.
[3093672:3093741:0508/222554.894726:WARNING:net/disk_cache/cache_util.cc:151] Unable to delete cache folder.
[3093672:3093741:0508/222554.894731:WARNING:net/disk_cache/cache_util.cc:151] Unable to delete cache folder.
[3093672:3093741:0508/222554.895254:WARNING:net/disk_cache/cache_util.cc:151] Unable to delete cache folder.
[3093672:3093741:0508/222554.895261:WARNING:net/disk_cache/cache_util.cc:151] Unable to delete cache folder.
[3093672:3093741:0508/222554.895267:WARNING:net/disk_cache/cache_util.cc:151] Unable to delete cache folder.
[3093672:3093741:0508/222554.895277:WARNING:net/disk_cache/cache_util.cc:151] Unable to delete cache folder.
[3093672:3093741:0508/222554.895283:WARNING:net/disk_cache/cache_util.cc:151] Unable to delete cache folder.
[3093672:3093741:0508/222554.895288:WARNING:net/disk_cache/cache_util.cc:151] Unable to delete cache folder.
[3093672:3093741:0508/222554.895736:WARNING:net/disk_cache/cache_util.cc:151] Unable to delete cache folder.
[3093672:3093741:0508/222554.895743:WARNING:net/disk_cache/cache_util.cc:151] Unable to delete cache folder.
[3093672:3093741:0508/222554.895749:WARNING:net/disk_cache/cache_util.cc:151] Unable to delete cache folder.
[3093672:3093741:0508/222554.895755:WARNING:net/disk_cache/cache_util.cc:151] Unable to delete cache folder.
[3093672:3093741:0508/222554.895760:WARNING:net/disk_cache/cache_util.cc:151] Unable to delete cache folder.
[3093672:3093741:0508/222554.895766:WARNING:net/disk_cache/cache_util.cc:151] Unable to delete cache folder.
[3093672:3093741:0508/222554.895772:WARNING:net/disk_cache/cache_util.cc:151] Unable to delete cache folder.
[3093672:3093741:0508/222554.896347:WARNING:net/disk_cache/cache_util.cc:151] Unable to delete cache folder.
[3093672:3093741:0508/222554.896361:WARNING:net/disk_cache/cache_util.cc:151] Unable to delete cache folder.
[3093672:3093741:0508/222554.896367:WARNING:net/disk_cache/cache_util.cc:151] Unable to delete cache folder.
[3093672:3093741:0508/222554.896373:WARNING:net/disk_cache/cache_util.cc:151] Unable to delete cache folder.
[3093672:3093741:0508/222554.896379:WARNING:net/disk_cache/cache_util.cc:151] Unable to delete cache folder.
[3093672:3093741:0508/222554.896384:WARNING:net/disk_cache/cache_util.cc:151] Unable to delete cache folder.
[3093672:3093741:0508/222554.896390:WARNING:net/disk_cache/cache_util.cc:151] Unable to delete cache folder.
[3093672:3093741:0508/222554.896396:WARNING:net/disk_cache/cache_util.cc:151] Unable to delete cache folder.
[3093672:3093741:0508/222554.896402:WARNING:net/disk_cache/cache_util.cc:151] Unable to delete cache folder.
[3093672:3093741:0508/222554.896408:WARNING:net/disk_cache/cache_util.cc:151] Unable to delete cache folder.
[3093672:3093741:0508/222554.896414:WARNING:net/disk_cache/cache_util.cc:151] Unable to delete cache folder.
[3093672:3093741:0508/222554.896420:WARNING:net/disk_cache/cache_util.cc:151] Unable to delete cache folder.
[3093672:3093741:0508/222554.896426:WARNING:net/disk_cache/cache_util.cc:151] Unable to delete cache folder.
[3093672:3093741:0508/222554.896431:WARNING:net/disk_cache/cache_util.cc:151] Unable to delete cache folder.
[3093672:3093741:0508/222554.896437:WARNING:net/disk_cache/cache_util.cc:151] Unable to delete cache folder.
[3093672:3093741:0508/222554.896941:WARNING:net/disk_cache/cache_util.cc:151] Unable to delete cache folder.
[3093672:3093741:0508/222554.896948:WARNING:net/disk_cache/cache_util.cc:151] Unable to delete cache folder.
[3093672:3093741:0508/222554.896954:WARNING:net/disk_cache/cache_util.cc:151] Unable to delete cache folder.
[3093672:3093741:0508/222554.896960:WARNING:net/disk_cache/cache_util.cc:151] Unable to delete cache folder.
[3093672:3093741:0508/222554.896965:WARNING:net/disk_cache/cache_util.cc:151] Unable to delete cache folder.
[3093672:3093741:0508/222554.896971:WARNING:net/disk_cache/cache_util.cc:151] Unable to delete cache folder.
[3093672:3093741:0508/222554.896979:WARNING:net/disk_cache/cache_util.cc:151] Unable to delete cache folder.
[3093672:3093741:0508/222554.897373:WARNING:net/disk_cache/cache_util.cc:151] Unable to delete cache folder.
[3093672:3093741:0508/222554.897381:WARNING:net/disk_cache/cache_util.cc:151] Unable to delete cache folder.
[3093672:3093741:0508/222554.897411:WARNING:net/disk_cache/cache_util.cc:151] Unable to delete cache folder.
[3093672:3093741:0508/222554.897890:WARNING:net/disk_cache/cache_util.cc:151] Unable to delete cache folder.
[3093672:3093741:0508/222554.897901:WARNING:net/disk_cache/cache_util.cc:151] Unable to delete cache folder.
[3093672:3093741:0508/222554.897908:WARNING:net/disk_cache/cache_util.cc:151] Unable to delete cache folder.
[3093672:3093741:0508/222554.897919:WARNING:net/disk_cache/cache_util.cc:151] Unable to delete cache folder.
[3093672:3093741:0508/222554.898504:WARNING:net/disk_cache/cache_util.cc:151] Unable to delete cache folder.
[3093672:3093741:0508/222554.898512:WARNING:net/disk_cache/cache_util.cc:151] Unable to delete cache folder.
[3093672:3093741:0508/222554.898519:WARNING:net/disk_cache/cache_util.cc:151] Unable to delete cache folder.
[3093672:3093741:0508/222554.898525:WARNING:net/disk_cache/cache_util.cc:151] Unable to delete cache folder.
[3093672:3093741:0508/222554.898531:WARNING:net/disk_cache/cache_util.cc:151] Unable to delete cache folder.
[3093672:3093741:0508/222554.898536:WARNING:net/disk_cache/cache_util.cc:151] Unable to delete cache folder.
[3093672:3093741:0508/222554.898542:WARNING:net/disk_cache/cache_util.cc:151] Unable to delete cache folder.
[3093672:3093741:0508/222554.898928:WARNING:net/disk_cache/cache_util.cc:151] Unable to delete cache folder.
[3093672:3093741:0508/222554.898937:WARNING:net/disk_cache/cache_util.cc:151] Unable to delete cache folder.
[3093672:3093741:0508/222554.898943:WARNING:net/disk_cache/cache_util.cc:151] Unable to delete cache folder.
[3093672:3093741:0508/222554.898948:WARNING:net/disk_cache/cache_util.cc:151] Unable to delete cache folder.
[3093672:3093741:0508/222554.898954:WARNING:net/disk_cache/cache_util.cc:151] Unable to delete cache folder.
[3093672:3093741:0508/222554.898960:WARNING:net/disk_cache/cache_util.cc:151] Unable to delete cache folder.
[3093672:3093741:0508/222554.899582:WARNING:net/disk_cache/cache_util.cc:151] Unable to delete cache folder.
[3093672:3093741:0508/222554.899597:WARNING:net/disk_cache/cache_util.cc:151] Unable to delete cache folder.
[3093672:3093741:0508/222554.899606:WARNING:net/disk_cache/cache_util.cc:151] Unable to delete cache folder.
[3093672:3093741:0508/222554.899615:WARNING:net/disk_cache/cache_util.cc:151] Unable to delete cache folder.
[3093672:3093741:0508/222554.899624:WARNING:net/disk_cache/cache_util.cc:151] Unable to delete cache folder.
[3093672:3093741:0508/222554.899664:WARNING:net/disk_cache/cache_util.cc:151] Unable to delete cache folder.
[3093672:3093741:0508/222554.899676:WARNING:net/disk_cache/cache_util.cc:151] Unable to delete cache folder.
[3093672:3093741:0508/222554.899684:WARNING:net/disk_cache/cache_util.cc:151] Unable to delete cache folder.
[3093672:3093741:0508/222554.899692:WARNING:net/disk_cache/cache_util.cc:151] Unable to delete cache folder.
[3093672:3093741:0508/222554.899700:WARNING:net/disk_cache/cache_util.cc:151] Unable to delete cache folder.
[3093672:3093741:0508/222554.899709:WARNING:net/disk_cache/cache_util.cc:151] Unable to delete cache folder.
[3093672:3093741:0508/222554.899717:WARNING:net/disk_cache/cache_util.cc:151] Unable to delete cache folder.
[3093672:3093741:0508/222554.899726:WARNING:net/disk_cache/cache_util.cc:151] Unable to delete cache folder.
[3093672:3093741:0508/222554.899735:WARNING:net/disk_cache/cache_util.cc:151] Unable to delete cache folder.
[3093672:3093741:0508/222554.899744:WARNING:net/disk_cache/cache_util.cc:151] Unable to delete cache folder.
[3093672:3093741:0508/222554.899753:WARNING:net/disk_cache/cache_util.cc:151] Unable to delete cache folder.
[3093672:3093741:0508/222554.899761:WARNING:net/disk_cache/cache_util.cc:151] Unable to delete cache folder.
[3093672:3093741:0508/222554.899770:WARNING:net/disk_cache/cache_util.cc:151] Unable to delete cache folder.
[3093672:3093741:0508/222554.899778:WARNING:net/disk_cache/cache_util.cc:151] Unable to delete cache folder.
[3093672:3093741:0508/222554.899787:WARNING:net/disk_cache/cache_util.cc:151] Unable to delete cache folder.
[3093672:3093741:0508/222554.899795:WARNING:net/disk_cache/cache_util.cc:151] Unable to delete cache folder.
[3093672:3093741:0508/222554.899804:WARNING:net/disk_cache/cache_util.cc:151] Unable to delete cache folder.
[3093672:3093741:0508/222554.899813:WARNING:net/disk_cache/cache_util.cc:151] Unable to delete cache folder.
[3093672:3093741:0508/222554.899826:WARNING:net/disk_cache/cache_util.cc:151] Unable to delete cache folder.
[3093672:3093741:0508/222554.899836:WARNING:net/disk_cache/cache_util.cc:151] Unable to delete cache folder.
[3093672:3093741:0508/222554.899845:WARNING:net/disk_cache/cache_util.cc:151] Unable to delete cache folder.
[3093672:3093741:0508/222554.899854:WARNING:net/disk_cache/cache_util.cc:151] Unable to delete cache folder.
[3093672:3093741:0508/222554.899862:WARNING:net/disk_cache/cache_util.cc:151] Unable to delete cache folder.
[3093672:3093741:0508/222554.899871:WARNING:net/disk_cache/cache_util.cc:151] Unable to delete cache folder.
[3093672:3093741:0508/222554.899879:WARNING:net/disk_cache/cache_util.cc:151] Unable to delete cache folder.
[3093672:3093741:0508/222554.899887:WARNING:net/disk_cache/cache_util.cc:151] Unable to delete cache folder.
[3093672:3093741:0508/222554.899895:WARNING:net/disk_cache/cache_util.cc:151] Unable to delete cache folder.
[3093672:3093741:0508/222554.899903:WARNING:net/disk_cache/cache_util.cc:151] Unable to delete cache folder.
[3093672:3093741:0508/222554.899910:WARNING:net/disk_cache/cache_util.cc:151] Unable to delete cache folder.
[3093672:3093741:0508/222554.899918:WARNING:net/disk_cache/cache_util.cc:151] Unable to delete cache folder.
[3093672:3093741:0508/222554.899926:WARNING:net/disk_cache/cache_util.cc:151] Unable to delete cache folder.
[3093672:3093741:0508/222554.899934:WARNING:net/disk_cache/cache_util.cc:151] Unable to delete cache folder.
[3093672:3093741:0508/222554.899942:WARNING:net/disk_cache/cache_util.cc:151] Unable to delete cache folder.
[3093672:3093741:0508/222554.899951:WARNING:net/disk_cache/cache_util.cc:151] Unable to delete cache folder.
[3093672:3093741:0508/222554.899959:WARNING:net/disk_cache/cache_util.cc:151] Unable to delete cache folder.
[3093672:3093741:0508/222554.899968:WARNING:net/disk_cache/cache_util.cc:151] Unable to delete cache folder.
[3093672:3093741:0508/222554.899977:WARNING:net/disk_cache/cache_util.cc:151] Unable to delete cache folder.
[3093672:3093741:0508/222554.899985:WARNING:net/disk_cache/cache_util.cc:151] Unable to delete cache folder.
[3093672:3093741:0508/222554.899993:WARNING:net/disk_cache/cache_util.cc:151] Unable to delete cache folder.
[3093672:3093741:0508/222554.900001:WARNING:net/disk_cache/cache_util.cc:151] Unable to delete cache folder.
[3093672:3093741:0508/222554.900008:WARNING:net/disk_cache/cache_util.cc:151] Unable to delete cache folder.
[3093672:3093741:0508/222554.900017:WARNING:net/disk_cache/cache_util.cc:151] Unable to delete cache folder.
[3093672:3093741:0508/222554.900026:WARNING:net/disk_cache/cache_util.cc:151] Unable to delete cache folder.
[3093672:3093741:0508/222554.900034:WARNING:net/disk_cache/cache_util.cc:151] Unable to delete cache folder.
[3093672:3093741:0508/222554.900043:WARNING:net/disk_cache/cache_util.cc:151] Unable to delete cache folder.
[3093672:3093741:0508/222554.900052:WARNING:net/disk_cache/cache_util.cc:151] Unable to delete cache folder.
[3093672:3093741:0508/222554.900060:WARNING:net/disk_cache/cache_util.cc:151] Unable to delete cache folder.
[3093672:3093741:0508/222554.900067:WARNING:net/disk_cache/cache_util.cc:151] Unable to delete cache folder.
[3093672:3093741:0508/222554.900075:WARNING:net/disk_cache/cache_util.cc:151] Unable to delete cache folder.
[3093672:3093741:0508/222554.900084:WARNING:net/disk_cache/cache_util.cc:151] Unable to delete cache folder.
[3093672:3093741:0508/222554.900093:WARNING:net/disk_cache/cache_util.cc:151] Unable to delete cache folder.
[3093672:3093741:0508/222554.900102:WARNING:net/disk_cache/cache_util.cc:151] Unable to delete cache folder.
[3093672:3093741:0508/222554.900542:WARNING:net/disk_cache/cache_util.cc:151] Unable to delete cache folder.
[3093672:3093741:0508/222554.900553:WARNING:net/disk_cache/cache_util.cc:151] Unable to delete cache folder.
[3093672:3093741:0508/222554.900559:WARNING:net/disk_cache/cache_util.cc:151] Unable to delete cache folder.
[3093672:3093741:0508/222554.900565:WARNING:net/disk_cache/cache_util.cc:151] Unable to delete cache folder.
[3093672:3093741:0508/222554.900574:WARNING:net/disk_cache/cache_util.cc:151] Unable to delete cache folder.
[3093672:3093741:0508/222554.900980:WARNING:net/disk_cache/cache_util.cc:151] Unable to delete cache folder.
[3093672:3093741:0508/222554.900987:WARNING:net/disk_cache/cache_util.cc:151] Unable to delete cache folder.
[3093672:3093741:0508/222554.900993:WARNING:net/disk_cache/cache_util.cc:151] Unable to delete cache folder.
[3093672:3093741:0508/222554.900999:WARNING:net/disk_cache/cache_util.cc:151] Unable to delete cache folder.
[3093672:3093741:0508/222554.901005:WARNING:net/disk_cache/cache_util.cc:151] Unable to delete cache folder.
[3093672:3093741:0508/222554.901011:WARNING:net/disk_cache/cache_util.cc:151] Unable to delete cache folder.
[3093672:3093741:0508/222554.901019:WARNING:net/disk_cache/cache_util.cc:151] Unable to delete cache folder.
[3093672:3093741:0508/222554.901025:WARNING:net/disk_cache/cache_util.cc:151] Unable to delete cache folder.
[3093672:3093741:0508/222554.901031:WARNING:net/disk_cache/cache_util.cc:151] Unable to delete cache folder.
[3093672:3093741:0508/222554.901037:WARNING:net/disk_cache/cache_util.cc:151] Unable to delete cache folder.
[3093672:3093741:0508/222554.901042:WARNING:net/disk_cache/cache_util.cc:151] Unable to delete cache folder.
[3093672:3093741:0508/222554.901048:WARNING:net/disk_cache/cache_util.cc:151] Unable to delete cache folder.
[3093672:3093741:0508/222554.901053:WARNING:net/disk_cache/cache_util.cc:151] Unable to delete cache folder.
[3093672:3093741:0508/222554.901060:WARNING:net/disk_cache/cache_util.cc:151] Unable to delete cache folder.
[3093672:3093741:0508/222554.901069:WARNING:net/disk_cache/cache_util.cc:151] Unable to delete cache folder.
[3093672:3093741:0508/222554.901078:WARNING:net/disk_cache/cache_util.cc:151] Unable to delete cache folder.
[3093672:3093741:0508/222554.901084:WARNING:net/disk_cache/cache_util.cc:151] Unable to delete cache folder.
[3093672:3093741:0508/222554.901090:WARNING:net/disk_cache/cache_util.cc:151] Unable to delete cache folder.
[3093672:3093741:0508/222554.901096:WARNING:net/disk_cache/cache_util.cc:151] Unable to delete cache folder.
[3093672:3093741:0508/222554.901101:WARNING:net/disk_cache/cache_util.cc:151] Unable to delete cache folder.
[3093672:3093672:0508/222559.148914:WARNING:components/download/internal/background_service/controller_impl.cc:1187] Background download complete, client: 6, completion type: 0, file size:5159
[3093672:3093672:0508/222559.164042:WARNING:components/download/internal/background_service/controller_impl.cc:1187] Background download complete, client: 6, completion type: 0, file size:265059
[3093672:3093672:0508/222559.236392:WARNING:components/download/internal/background_service/controller_impl.cc:1187] Background download complete, client: 6, completion type: 0, file size:883094
[3093672:3093672:0508/222559.236737:WARNING:components/download/internal/background_service/controller_impl.cc:1187] Background download complete, client: 6, completion type: 0, file size:2200227
[3093672:3093672:0508/222559.278438:WARNING:components/download/internal/background_service/controller_impl.cc:1187] Background download complete, client: 6, completion type: 0, file size:45159
[3093672:3093672:0508/222559.338956:WARNING:components/download/internal/background_service/controller_impl.cc:1187] Background download complete, client: 6, completion type: 0, file size:2992963
[3093672:3093672:0508/222559.366674:WARNING:components/download/internal/background_service/controller_impl.cc:1187] Background download complete, client: 6, completion type: 0, file size:4680
[3093672:3093672:0508/222559.381330:WARNING:components/download/internal/background_service/controller_impl.cc:1187] Background download complete, client: 6, completion type: 0, file size:2747170
[3093672:3093672:0508/222559.399273:WARNING:components/download/internal/background_service/controller_impl.cc:1187] Background download complete, client: 6, completion type: 0, file size:118577
[3093753:3093773:0508/222601.125823:WARNING:net/extras/sqlite/sqlite_persistent_store_backend_base.cc:176] Failed to post task from FlushAndNotifyInBackground@net/extras/sqlite/sqlite_persistent_store_backend_base.cc:226 to client_task_runner_.
[3093753:3093774:0508/222601.126338:WARNING:net/extras/sqlite/sqlite_persistent_store_backend_base.cc:176] Failed to post task from FlushAndNotifyInBackground@net/extras/sqlite/sqlite_persistent_store_backend_base.cc:226 to client_task_runner_.
[3093753:3093774:0508/222601.126493:WARNING:net/extras/sqlite/sqlite_persistent_store_backend_base.cc:176] Failed to post task from FlushAndNotifyInBackground@net/extras/sqlite/sqlite_persistent_store_backend_base.cc:226 to client_task_runner_.
